2026-02-19 21:54:13 - Deploying 20260214-112651-aipassiveincomesystem...
2026-02-19 21:54:14 - Deploying 20260214-130903-ai-trading-bot...
2026-02-19 21:54:16 - Deploying 20260214-133737-ai-powered-passive-income-syst...
2026-02-19 21:54:18 - Deploying 20260214-140141-ai-dev-income...
2026-02-19 21:54:20 - Deploying 20260214-231100-unknown-single...
2026-02-19 21:54:21 - Deploying 20260215-000641-freelancer-consultant-landing...
2026-02-19 21:54:23 - Deploying 20260215-004917-high-ticket-service-automation...
2026-02-19 21:54:25 - Deploying 20260215-014951-automated-crypto-tax-reporting...
2026-02-19 21:54:26 - Deploying 20260215-015455-automated-daily-planner-system...
2026-02-19 21:54:28 - Deploying 20260215-015534-viral-marketing-growth-bluepri...
2026-02-19 21:54:29 - Deploying 20260215-015754-ai-automation-agency-prompt-pa...
2026-02-19 21:54:31 - Deploying 20260215-063000-freelancer-consultant-landing...
2026-02-19 21:54:33 - Deploying 20260215-074829-freelancer-consultant-landing...
2026-02-19 21:54:34 - Deploying 20260215-081614-saas-marketing...
2026-02-19 21:54:36 - Deploying 20260215-081716-reddit-linkedin-test...
2026-02-19 21:54:37 - Deploying 20260215-120036-metaverse-real-estate-marketin...
2026-02-19 21:54:39 - Deploying 20260215-122558-crypto-ai-trading-signals...
2026-02-19 21:54:41 - Deploying 20260215-122807-passive-income-with-saas-boile...
2026-02-19 21:54:42 - Deploying 20260215-125053-global-merchant-crypto-checkou...
2026-02-19 21:54:44 - Deploying 20260215-130008-token-gated-content-revenue-au...
2026-02-19 21:54:45 - Deploying 20260215-130406-ai-driven-product-flipping...
2026-02-19 21:54:47 - Deploying 20260215-132048-defi-passive-income-strategies...
2026-02-19 21:54:48 - Deploying 20260215-135047-token-gated-content-revenue-au...
2026-02-19 21:54:50 - Deploying 20260215-135151-ai-agent-monetization-guide...
2026-02-19 21:54:51 - Deploying 20260215-143622-web3-smart-contract-audit-chec...
2026-02-19 21:54:53 - Deploying 20260215-143641-finance-risk-management-for-cr...
2026-02-19 21:54:55 - Deploying 20260215-143859-web3-asset-security-audit-fram...
2026-02-19 21:54:56 - Deploying 20260215-145048-token-gated-content-revenue-au...
2026-02-19 21:54:58 - Deploying 20260215-155105-token-gated-content-revenue-au...
2026-02-19 21:54:59 - Deploying 20260215-185109-token-gated-content-revenue-au...
2026-02-19 21:55:00 - Deploying 20260215-210221-token-gated-content-revenue-au...
2026-02-19 21:55:02 - Deploying 20260215-212356-token-gated-content-revenue-au...
2026-02-19 21:55:04 - Deploying 20260215-212725-token-gated-content-revenue-au...
2026-02-19 21:55:05 - Deploying 20260218-203243-7-most-profitable-ebook-niches...
2026-02-19 21:55:07 - Deploying 20260218-205806-shopify-com...
2026-02-19 21:55:08 - Deploying 20260218-213154-choose-from-30-000-notion-temp...
2026-02-19 21:55:10 - Deploying 20260218-215906-best-ebook-niches-2025-2026-10...
2026-02-19 21:55:11 - Deploying 20260218-223156-8-best-notion-templates-for-20...
2026-02-19 21:55:12 - Deploying 20260218-225010-etsy-digital-products-2026-how...
2026-02-19 21:55:14 - Deploying 20260218-225123-2026-s-best-selling-shopify-th...
2026-02-19 21:55:16 - Deploying 20260218-225813-product-hunt-the-best-new-prod...
2026-02-19 21:55:17 - Deploying 20260218-232911-20-untapped-etsy-niches-for-20...
2026-02-19 21:55:19 - Deploying 20260218-235807-30-ai-powered-digital-product...
2026-02-19 21:55:21 - Deploying 20260219-002802-top-sales-templates-from-notio...
2026-02-19 21:55:22 - Deploying 20260219-005756-15-profitable-digital-products...
2026-02-19 21:55:24 - Deploying 20260219-012800-the-30-best-notion-second-brai...
2026-02-19 21:55:25 - Deploying 20260219-015809-best-notion-templates-in-2026...
2026-02-19 21:55:27 - Deploying 20260219-022754-dashboard-and-digital-product...
2026-02-19 21:55:28 - Deploying 20260219-030007-18-best-digital-products-to-se...
2026-02-19 21:55:30 - Deploying 20260219-032754-720-business-2-ideas-to-save-i...
2026-02-19 21:55:31 - Deploying 20260219-035801-build-your-2026...
2026-02-19 21:55:33 - Deploying 20260219-043147-best-shopify-themes-2026-free...
2026-02-19 21:55:34 - Deploying 20260219-045803-9-b2b-ecommerce-examples-for-s...
2026-02-19 21:55:36 - Deploying 20260219-052804-3-profitable-ai-saas-ideas-to...
2026-02-19 21:55:37 - Deploying 20260219-060347-saas-ideas-150-profitable-saas...
2026-02-19 21:55:39 - Deploying 20260219-060349-7-ai-generated-digital-product...
2026-02-19 21:55:40 - Deploying 20260219-063717-26-best-shopify-themes-for-202...
2026-02-19 21:55:42 - Deploying 20260219-063824-top-20-b2b-ecommerce-examples...
2026-02-19 21:55:43 - Deploying 20260219-072203-15-digital-product-ideas-you-c...
2026-02-19 21:55:45 - Deploying 20260219-072234-12-most-popular-notion-templat...
2026-02-19 21:55:48 - Deploying 20260219-081908-latest-ielts-writing-topics-fe...
2026-02-19 21:59:55 - Deploying 20260219-091843-50-digital-products-to-sell-fo...
2026-02-19 21:59:57 - Deploying 20260219-101841-best-ebook-topics...
2026-02-19 21:59:58 - Deploying 20260219-111848-notion...
2026-02-19 22:00:00 - Deploying 20260219-113455-notion...
2026-02-19 22:00:01 - Deploying 20260219-131418-20-profitable-saas-micro-saas...
2026-02-19 22:00:03 - Deploying 20260219-131443-18-best-digital-product-niches...
2026-02-19 22:00:05 - Deploying 20260219-133359-top-ebook-topic-ideas-in-2026...
2026-02-19 22:00:06 - Deploying 20260219-135543-etsy...
2026-02-19 22:00:08 - Deploying 20260219-141036-11-b2b-ecommerce-examples-and...
2026-02-19 22:00:09 - Deploying 20260219-141212-etsy...
2026-02-19 22:00:11 - Deploying 20260219-143112-28-unique-digital-products-to...
2026-02-19 22:00:13 - Deploying 20260219-145247-ultimate-guide-to-passive-inco...
2026-02-19 22:00:14 - Deploying 20260219-151033-top-22-digital-products-in-dem...
2026-02-19 22:00:16 - Deploying 20260219-151814-18-best-b2b-websites-in-2026-e...
2026-02-19 22:00:17 - Deploying 20260219-153954-50-digital-product-ideas-that...
2026-02-19 22:00:19 - Deploying 20260219-155942-top-selling-digital-downloads...
2026-02-19 22:00:20 - Deploying 20260219-160930-the-best-notion-templates-for...
2026-02-19 22:00:22 - Deploying 20260219-161804-50-profitable-micro-saas-ideas...
2026-02-19 22:00:24 - Deploying 20260219-163241-127-notion-template-ideas-that...
2026-02-19 22:00:25 - Deploying 20260219-164843-what-are-the-best-b2b-examples...
2026-02-19 22:00:27 - Deploying 20260219-171353-150-ebook-ideas-that-actually...
2026-02-19 22:00:29 - Deploying 20260219-172503-b2b-products-the-complete-guid...
2026-02-19 22:00:30 - Deploying 20260219-173730-5-shopify-themes-perfect-for-e...
2026-02-19 22:00:32 - Deploying 20260219-180224-18-most-profitable-digital-pro...
2026-02-19 22:00:34 - Deploying 20260219-182721-top-20-profitable-saas-startup...
2026-02-19 22:00:35 - Deploying 20260219-183122-most-profitable-saas-business...
2026-02-19 22:00:37 - Deploying 20260219-185810-top-8-popular-ebook-topics-to...
2026-02-19 22:00:39 - Deploying 20260219-192247-7-digital-product-ideas-you-ca...
2026-02-19 22:00:40 - Deploying 20260219-192339-best-digital-products-to-sell...
2026-02-19 22:00:42 - Deploying 20260219-194620-best-shopify-themes-in-2026-fr...
2026-02-19 22:00:43 - Deploying 20260219-201042-trending-ebook-topics-2026-wha...
2026-02-19 22:00:45 - Deploying 20260219-202435-academia-edu...
2026-02-19 22:00:49 - Deploying 20260219-204520-25-best-shopify-themes-that-ll...
2026-02-19 22:00:50 - Deploying 20260219-204559-best-books-2026-what-we-can-t...
2026-02-19 22:00:52 - Deploying 20260219-210308-best-shopify-themes-for-ecomme...
2026-02-19 22:00:53 - Deploying 20260219-211904-ai-powered-digital-product-ide...
2026-02-19 22:00:56 - Deploying 20260219-213419-best-digital-products-to-sell...
2026-02-19 22:00:57 - Deploying 20260219-213559-untapped-digital-product-niche...
2026-02-19 22:00:59 - Deploying 20260219-214518-10-profitable-saas-ideas-to-ex...
2026-02-19 22:06:22 - Deploying 20260214-112651-aipassiveincomesystem...
2026-02-19 22:06:24 - Deploying 20260214-130903-ai-trading-bot...
2026-02-19 22:06:25 - Deploying 20260214-133737-ai-powered-passive-income-syst...
2026-02-19 22:06:27 - Deploying 20260214-140141-ai-dev-income...
2026-02-19 22:06:28 - Deploying 20260214-231100-unknown-single...
2026-02-19 22:06:30 - Deploying 20260215-000641-freelancer-consultant-landing...
2026-02-19 22:06:31 - Deploying 20260215-004917-high-ticket-service-automation...
2026-02-19 22:06:32 - Deploying 20260215-014951-automated-crypto-tax-reporting...
2026-02-19 22:06:35 - Deploying 20260215-015455-automated-daily-planner-system...
2026-02-19 22:06:36 - Deploying 20260215-015534-viral-marketing-growth-bluepri...
2026-02-19 22:06:38 - Deploying 20260215-015754-ai-automation-agency-prompt-pa...
2026-02-19 22:06:40 - Deploying 20260215-063000-freelancer-consultant-landing...
2026-02-19 22:06:42 - Deploying 20260215-074829-freelancer-consultant-landing...
2026-02-19 22:06:43 - Deploying 20260215-081614-saas-marketing...
2026-02-19 22:06:45 - Deploying 20260215-081716-reddit-linkedin-test...
2026-02-19 22:06:46 - Deploying 20260215-120036-metaverse-real-estate-marketin...
2026-02-19 22:06:48 - Deploying 20260215-122558-crypto-ai-trading-signals...
2026-02-19 22:06:49 - Deploying 20260215-122807-passive-income-with-saas-boile...
2026-02-19 22:06:51 - Deploying 20260215-125053-global-merchant-crypto-checkou...
2026-02-19 22:06:52 - Deploying 20260215-130008-token-gated-content-revenue-au...
2026-02-19 22:06:55 - Deploying 20260215-130406-ai-driven-product-flipping...
2026-02-19 22:06:56 - Deploying 20260215-132048-defi-passive-income-strategies...
2026-02-19 22:06:59 - Deploying 20260215-135047-token-gated-content-revenue-au...
2026-02-19 22:07:01 - Deploying 20260215-135151-ai-agent-monetization-guide...
2026-02-19 22:07:03 - Deploying 20260215-143622-web3-smart-contract-audit-chec...
2026-02-19 22:07:05 - Deploying 20260215-143641-finance-risk-management-for-cr...
2026-02-19 22:07:06 - Deploying 20260215-143859-web3-asset-security-audit-fram...
2026-02-19 22:07:08 - Deploying 20260215-145048-token-gated-content-revenue-au...
2026-02-19 22:07:10 - Deploying 20260215-155105-token-gated-content-revenue-au...
2026-02-19 22:07:11 - Deploying 20260215-185109-token-gated-content-revenue-au...
2026-02-19 22:07:13 - Deploying 20260215-210221-token-gated-content-revenue-au...
2026-02-19 22:07:14 - Deploying 20260215-212356-token-gated-content-revenue-au...
2026-02-19 22:07:16 - Deploying 20260215-212725-token-gated-content-revenue-au...
2026-02-19 22:07:17 - Deploying 20260218-203243-7-most-profitable-ebook-niches...
2026-02-19 22:07:18 - Deploying 20260218-205806-shopify-com...
2026-02-19 22:07:20 - Deploying 20260218-213154-choose-from-30-000-notion-temp...
2026-02-19 22:07:22 - Deploying 20260218-215906-best-ebook-niches-2025-2026-10...
2026-02-19 22:07:23 - Deploying 20260218-223156-8-best-notion-templates-for-20...
2026-02-19 22:07:24 - Deploying 20260218-225010-etsy-digital-products-2026-how...
2026-02-19 22:07:26 - Deploying 20260218-225123-2026-s-best-selling-shopify-th...
2026-02-19 22:07:27 - Deploying 20260218-225813-product-hunt-the-best-new-prod...
2026-02-19 22:07:29 - Deploying 20260218-232911-20-untapped-etsy-niches-for-20...
2026-02-19 22:07:30 - Deploying 20260218-235807-30-ai-powered-digital-product...
2026-02-19 22:07:32 - Deploying 20260219-002802-top-sales-templates-from-notio...
2026-02-19 22:07:33 - Deploying 20260219-005756-15-profitable-digital-products...
2026-02-19 22:07:35 - Deploying 20260219-012800-the-30-best-notion-second-brai...
2026-02-19 22:07:36 - Deploying 20260219-015809-best-notion-templates-in-2026...
2026-02-19 22:07:38 - Deploying 20260219-022754-dashboard-and-digital-product...
2026-02-19 22:07:40 - Deploying 20260219-030007-18-best-digital-products-to-se...
2026-02-19 22:07:41 - Deploying 20260219-032754-720-business-2-ideas-to-save-i...
2026-02-19 22:07:43 - Deploying 20260219-035801-build-your-2026...
2026-02-19 22:07:45 - Deploying 20260219-043147-best-shopify-themes-2026-free...
2026-02-19 22:07:47 - Deploying 20260219-045803-9-b2b-ecommerce-examples-for-s...
2026-02-19 22:07:48 - Deploying 20260219-052804-3-profitable-ai-saas-ideas-to...
2026-02-19 22:07:50 - Deploying 20260219-060347-saas-ideas-150-profitable-saas...
2026-02-19 22:07:53 - Deploying 20260219-060349-7-ai-generated-digital-product...
2026-02-19 22:07:54 - Deploying 20260219-063717-26-best-shopify-themes-for-202...
2026-02-19 22:07:57 - Deploying 20260219-063824-top-20-b2b-ecommerce-examples...
2026-02-19 22:07:58 - Deploying 20260219-072203-15-digital-product-ideas-you-c...
2026-02-19 22:08:00 - Deploying 20260219-072234-12-most-popular-notion-templat...
2026-02-19 22:08:02 - Deploying 20260219-081908-latest-ielts-writing-topics-fe...
2026-02-19 22:12:10 - Deploying 20260219-091843-50-digital-products-to-sell-fo...
2026-02-19 22:12:12 - Deploying 20260219-101841-best-ebook-topics...
2026-02-19 22:12:13 - Deploying 20260219-111848-notion...
2026-02-19 22:12:15 - Deploying 20260219-113455-notion...
2026-02-19 22:12:17 - Deploying 20260219-131418-20-profitable-saas-micro-saas...
2026-02-19 22:12:18 - Deploying 20260219-131443-18-best-digital-product-niches...
2026-02-19 22:12:20 - Deploying 20260219-133359-top-ebook-topic-ideas-in-2026...
2026-02-19 22:12:23 - Deploying 20260219-135543-etsy...
2026-02-19 22:12:25 - Deploying 20260219-141036-11-b2b-ecommerce-examples-and...
2026-02-19 22:12:28 - Deploying 20260219-141212-etsy...
2026-02-19 22:12:31 - Deploying 20260219-143112-28-unique-digital-products-to...
2026-02-19 22:12:33 - Deploying 20260219-145247-ultimate-guide-to-passive-inco...
2026-02-19 22:12:35 - Deploying 20260219-151033-top-22-digital-products-in-dem...
2026-02-19 22:12:37 - Deploying 20260219-151814-18-best-b2b-websites-in-2026-e...
2026-02-19 22:12:38 - Deploying 20260219-153954-50-digital-product-ideas-that...
2026-02-19 22:12:40 - Deploying 20260219-155942-top-selling-digital-downloads...
2026-02-19 22:12:42 - Deploying 20260219-160930-the-best-notion-templates-for...
2026-02-19 22:12:44 - Deploying 20260219-161804-50-profitable-micro-saas-ideas...
2026-02-19 22:12:46 - Deploying 20260219-163241-127-notion-template-ideas-that...
2026-02-19 22:12:48 - Deploying 20260219-164843-what-are-the-best-b2b-examples...
2026-02-19 22:12:50 - Deploying 20260219-171353-150-ebook-ideas-that-actually...
2026-02-19 22:12:53 - Deploying 20260219-172503-b2b-products-the-complete-guid...
2026-02-19 22:12:54 - Deploying 20260219-173730-5-shopify-themes-perfect-for-e...
2026-02-19 22:12:56 - Deploying 20260219-180224-18-most-profitable-digital-pro...
2026-02-19 22:12:58 - Deploying 20260219-182721-top-20-profitable-saas-startup...
2026-02-19 22:13:00 - Deploying 20260219-183122-most-profitable-saas-business...
2026-02-19 22:13:02 - Deploying 20260219-185810-top-8-popular-ebook-topics-to...
2026-02-19 22:13:03 - Deploying 20260219-192247-7-digital-product-ideas-you-ca...
2026-02-19 22:13:06 - Deploying 20260219-192339-best-digital-products-to-sell...
2026-02-19 22:13:07 - Deploying 20260219-194620-best-shopify-themes-in-2026-fr...
2026-02-19 22:13:09 - Deploying 20260219-201042-trending-ebook-topics-2026-wha...
2026-02-19 22:13:11 - Deploying 20260219-202435-academia-edu...
2026-02-19 22:13:13 - Deploying 20260219-204520-25-best-shopify-themes-that-ll...
2026-02-19 22:13:15 - Deploying 20260219-204559-best-books-2026-what-we-can-t...
2026-02-19 22:13:16 - Deploying 20260219-210308-best-shopify-themes-for-ecomme...
2026-02-19 22:13:18 - Deploying 20260219-211904-ai-powered-digital-product-ide...
2026-02-19 22:13:20 - Deploying 20260219-213419-best-digital-products-to-sell...
2026-02-19 22:13:21 - Deploying 20260219-213559-untapped-digital-product-niche...
2026-02-19 22:13:23 - Deploying 20260219-214518-10-profitable-saas-ideas-to-ex...
2026-02-19 22:19:29 - Deploying 20260214-112651-aipassiveincomesystem...
2026-02-19 22:19:30 - Deploying 20260214-130903-ai-trading-bot...
2026-02-19 22:19:32 - Deploying 20260214-133737-ai-powered-passive-income-syst...
2026-02-19 22:19:33 - Deploying 20260214-140141-ai-dev-income...
2026-02-19 22:19:35 - Deploying 20260214-231100-unknown-single...
2026-02-19 22:19:36 - Deploying 20260215-000641-freelancer-consultant-landing...
2026-02-19 22:19:38 - Deploying 20260215-004917-high-ticket-service-automation...
2026-02-19 22:19:39 - Deploying 20260215-014951-automated-crypto-tax-reporting...
2026-02-19 22:19:41 - Deploying 20260215-015455-automated-daily-planner-system...
2026-02-19 22:19:43 - Deploying 20260215-015534-viral-marketing-growth-bluepri...
2026-02-19 22:19:44 - Deploying 20260215-015754-ai-automation-agency-prompt-pa...
2026-02-19 22:19:46 - Deploying 20260215-063000-freelancer-consultant-landing...
2026-02-19 22:19:47 - Deploying 20260215-074829-freelancer-consultant-landing...
2026-02-19 22:19:49 - Deploying 20260215-081614-saas-marketing...
2026-02-19 22:19:50 - Deploying 20260215-081716-reddit-linkedin-test...
2026-02-19 22:19:52 - Deploying 20260215-120036-metaverse-real-estate-marketin...
2026-02-19 22:19:53 - Deploying 20260215-122558-crypto-ai-trading-signals...
2026-02-19 22:19:55 - Deploying 20260215-122807-passive-income-with-saas-boile...
2026-02-19 22:19:57 - Deploying 20260215-125053-global-merchant-crypto-checkou...
2026-02-19 22:19:58 - Deploying 20260215-130008-token-gated-content-revenue-au...
2026-02-19 22:20:00 - Deploying 20260215-130406-ai-driven-product-flipping...
2026-02-19 22:20:01 - Deploying 20260215-132048-defi-passive-income-strategies...
2026-02-19 22:20:03 - Deploying 20260215-135047-token-gated-content-revenue-au...
2026-02-19 22:20:05 - Deploying 20260215-135151-ai-agent-monetization-guide...
2026-02-19 22:20:06 - Deploying 20260215-143622-web3-smart-contract-audit-chec...
2026-02-19 22:20:08 - Deploying 20260215-143641-finance-risk-management-for-cr...
2026-02-19 22:20:10 - Deploying 20260215-143859-web3-asset-security-audit-fram...
2026-02-19 22:20:12 - Deploying 20260215-145048-token-gated-content-revenue-au...
2026-02-19 22:20:14 - Deploying 20260215-155105-token-gated-content-revenue-au...
2026-02-19 22:20:15 - Deploying 20260215-185109-token-gated-content-revenue-au...
2026-02-19 22:20:17 - Deploying 20260215-210221-token-gated-content-revenue-au...
2026-02-19 22:20:18 - Deploying 20260215-212356-token-gated-content-revenue-au...
2026-02-19 22:20:20 - Deploying 20260215-212725-token-gated-content-revenue-au...
2026-02-19 22:20:22 - Deploying 20260218-203243-7-most-profitable-ebook-niches...
2026-02-19 22:20:23 - Deploying 20260218-205806-shopify-com...
2026-02-19 22:20:25 - Deploying 20260218-213154-choose-from-30-000-notion-temp...
2026-02-19 22:20:27 - Deploying 20260218-215906-best-ebook-niches-2025-2026-10...
2026-02-19 22:20:28 - Deploying 20260218-223156-8-best-notion-templates-for-20...
2026-02-19 22:20:29 - Deploying 20260218-225010-etsy-digital-products-2026-how...
2026-02-19 22:20:31 - Deploying 20260218-225123-2026-s-best-selling-shopify-th...
2026-02-19 22:20:32 - Deploying 20260218-225813-product-hunt-the-best-new-prod...
2026-02-19 22:20:33 - Deploying 20260218-232911-20-untapped-etsy-niches-for-20...
2026-02-19 22:20:35 - Deploying 20260218-235807-30-ai-powered-digital-product...
2026-02-19 22:20:37 - Deploying 20260219-002802-top-sales-templates-from-notio...
2026-02-19 22:20:38 - Deploying 20260219-005756-15-profitable-digital-products...
2026-02-19 22:20:40 - Deploying 20260219-012800-the-30-best-notion-second-brai...
2026-02-19 22:20:42 - Deploying 20260219-015809-best-notion-templates-in-2026...
2026-02-19 22:20:43 - Deploying 20260219-022754-dashboard-and-digital-product...
2026-02-19 22:20:45 - Deploying 20260219-030007-18-best-digital-products-to-se...
2026-02-19 22:20:46 - Deploying 20260219-032754-720-business-2-ideas-to-save-i...
2026-02-19 22:20:48 - Deploying 20260219-035801-build-your-2026...
2026-02-19 22:20:49 - Deploying 20260219-043147-best-shopify-themes-2026-free...
2026-02-19 22:20:51 - Deploying 20260219-045803-9-b2b-ecommerce-examples-for-s...
2026-02-19 22:20:52 - Deploying 20260219-052804-3-profitable-ai-saas-ideas-to...
2026-02-19 22:20:54 - Deploying 20260219-060347-saas-ideas-150-profitable-saas...
2026-02-19 22:20:55 - Deploying 20260219-060349-7-ai-generated-digital-product...
2026-02-19 22:20:57 - Deploying 20260219-063717-26-best-shopify-themes-for-202...
2026-02-19 22:20:58 - Deploying 20260219-063824-top-20-b2b-ecommerce-examples...
2026-02-19 22:21:00 - Deploying 20260219-072203-15-digital-product-ideas-you-c...
2026-02-19 22:21:01 - Deploying 20260219-072234-12-most-popular-notion-templat...
2026-02-19 22:21:03 - Deploying 20260219-081908-latest-ielts-writing-topics-fe...
2026-02-19 22:25:10 - Deploying 20260219-091843-50-digital-products-to-sell-fo...
2026-02-19 22:25:12 - Deploying 20260219-101841-best-ebook-topics...
2026-02-19 22:25:13 - Deploying 20260219-111848-notion...
2026-02-19 22:25:15 - Deploying 20260219-113455-notion...
2026-02-19 22:25:16 - Deploying 20260219-131418-20-profitable-saas-micro-saas...
2026-02-19 22:25:18 - Deploying 20260219-131443-18-best-digital-product-niches...
2026-02-19 22:25:19 - Deploying 20260219-133359-top-ebook-topic-ideas-in-2026...
2026-02-19 22:25:21 - Deploying 20260219-135543-etsy...
2026-02-19 22:25:22 - Deploying 20260219-141036-11-b2b-ecommerce-examples-and...
2026-02-19 22:25:24 - Deploying 20260219-141212-etsy...
2026-02-19 22:25:25 - Deploying 20260219-143112-28-unique-digital-products-to...
2026-02-19 22:25:27 - Deploying 20260219-145247-ultimate-guide-to-passive-inco...
2026-02-19 22:25:28 - Deploying 20260219-151033-top-22-digital-products-in-dem...
2026-02-19 22:25:29 - Deploying 20260219-151814-18-best-b2b-websites-in-2026-e...
2026-02-19 22:25:31 - Deploying 20260219-153954-50-digital-product-ideas-that...
2026-02-19 22:25:32 - Deploying 20260219-155942-top-selling-digital-downloads...
2026-02-19 22:25:34 - Deploying 20260219-160930-the-best-notion-templates-for...
2026-02-19 22:25:35 - Deploying 20260219-161804-50-profitable-micro-saas-ideas...
2026-02-19 22:25:37 - Deploying 20260219-163241-127-notion-template-ideas-that...
2026-02-19 22:25:38 - Deploying 20260219-164843-what-are-the-best-b2b-examples...
2026-02-19 22:25:40 - Deploying 20260219-171353-150-ebook-ideas-that-actually...
2026-02-19 22:25:41 - Deploying 20260219-172503-b2b-products-the-complete-guid...
2026-02-19 22:25:43 - Deploying 20260219-173730-5-shopify-themes-perfect-for-e...
2026-02-19 22:25:44 - Deploying 20260219-180224-18-most-profitable-digital-pro...
2026-02-19 22:25:46 - Deploying 20260219-182721-top-20-profitable-saas-startup...
2026-02-19 22:25:47 - Deploying 20260219-183122-most-profitable-saas-business...
2026-02-19 22:25:49 - Deploying 20260219-185810-top-8-popular-ebook-topics-to...
2026-02-19 22:25:50 - Deploying 20260219-192247-7-digital-product-ideas-you-ca...
2026-02-19 22:25:52 - Deploying 20260219-192339-best-digital-products-to-sell...
2026-02-19 22:25:54 - Deploying 20260219-194620-best-shopify-themes-in-2026-fr...
2026-02-19 22:25:55 - Deploying 20260219-201042-trending-ebook-topics-2026-wha...
2026-02-19 22:25:57 - Deploying 20260219-202435-academia-edu...
2026-02-19 22:25:58 - Deploying 20260219-204520-25-best-shopify-themes-that-ll...
2026-02-19 22:25:59 - Deploying 20260219-204559-best-books-2026-what-we-can-t...
2026-02-19 22:26:01 - Deploying 20260219-210308-best-shopify-themes-for-ecomme...
2026-02-19 22:26:03 - Deploying 20260219-211904-ai-powered-digital-product-ide...
2026-02-19 22:26:05 - Deploying 20260219-213419-best-digital-products-to-sell...
2026-02-19 22:26:06 - Deploying 20260219-213559-untapped-digital-product-niche...
2026-02-19 22:26:07 - Deploying 20260219-214518-10-profitable-saas-ideas-to-ex...
