
POST: Title: Metaverse-Real-Estate-Marketing-Guide (pay with crypto, instant download)

Body:
I built a practical guide for people who prefer wallet payments: Metaverse-Real-Estate-Marketing-Guide.
It covers OPSEC, order lifecycle, and delivery gating (pending → paid → download).
Price: $29. If you're into privacy + global payments, it should help.
(No affiliate links; it's a direct download product.)

---

Title: Metaverse-Real-Estate-Marketing-Guide (pay with crypto, instant download)

Body:
I built a practical guide for people who prefer wallet payments: Metaverse-Real-Estate-Marketing-Guide.
It covers OPSEC, order lifecycle, and delivery gating (pending → paid → download).
Price: $29. If you're into privacy + global payments, it should help.
(No affiliate links; it's a direct download product.)

---

Title: Metaverse-Real-Estate-Marketing-Guide (pay with crypto, instant download)

Body:
I built a practical guide for people who prefer wallet payments: Metaverse-Real-Estate-Marketing-Guide.
It covers OPSEC, order lifecycle, and delivery gating (pending → paid → download).
Price: $29. If you're into privacy + global payments, it should help.
(No affiliate links; it's a direct download product.)
